ERROR - 2023-08-31 03:40:34 --> mysqli_sql_exception: MySQL server has gone away in C:\Users\Aceng\Documents\Belajar Website\CI4\ajax_crud\system\Database\MySQLi\Connection.php:295
Stack trace:
#0 C:\Users\Aceng\Documents\Belajar Website\CI4\ajax_crud\system\Database\MySQLi\Connection.php(295): mysqli->query('SELECT *\nFROM `...', 0)
#1 C:\Users\Aceng\Documents\Belajar Website\CI4\ajax_crud\system\Database\BaseConnection.php(692): CodeIgniter\Database\MySQLi\Connection->execute('SELECT *\nFROM `...')
#2 C:\Users\Aceng\Documents\Belajar Website\CI4\ajax_crud\system\Database\BaseConnection.php(606): CodeIgniter\Database\BaseConnection->simpleQuery('SELECT *\nFROM `...')
#3 C:\Users\Aceng\Documents\Belajar Website\CI4\ajax_crud\system\Database\BaseBuilder.php(1616): CodeIgniter\Database\BaseConnection->query('SELECT *\nFROM `...', Array, false)
#4 C:\Users\Aceng\Documents\Belajar Website\CI4\ajax_crud\system\Model.php(237): CodeIgniter\Database\BaseBuilder->get()
#5 C:\Users\Aceng\Documents\Belajar Website\CI4\ajax_crud\system\BaseModel.php(624): CodeIgniter\Model->doFindAll(0, 0)
#6 C:\Users\Aceng\Documents\Belajar Website\CI4\ajax_crud\app\Controllers\Mahasiswa.php(33): CodeIgniter\BaseModel->findAll()
#7 C:\Users\Aceng\Documents\Belajar Website\CI4\ajax_crud\system\CodeIgniter.php(932): App\Controllers\Mahasiswa->getAll()
#8 C:\Users\Aceng\Documents\Belajar Website\CI4\ajax_crud\system\CodeIgniter.php(497): CodeIgniter\CodeIgniter->runController(Object(App\Controllers\Mahasiswa))
#9 C:\Users\Aceng\Documents\Belajar Website\CI4\ajax_crud\system\CodeIgniter.php(366): CodeIgniter\CodeIgniter->handleRequest(NULL, Object(Config\Cache), false)
#10 C:\Users\Aceng\Documents\Belajar Website\CI4\ajax_crud\public\index.php(67): CodeIgniter\CodeIgniter->run()
#11 C:\Users\Aceng\Documents\Belajar Website\CI4\ajax_crud\system\Commands\Server\rewrite.php(47): require_once('C:\\Users\\Aceng\\...')
#12 {main}
CRITICAL - 2023-08-31 03:40:34 --> MySQL server has gone away
in SYSTEMPATH\Database\MySQLi\Connection.php on line 295.
 1 SYSTEMPATH\Database\MySQLi\Connection.php(295): mysqli->query('SELECT *
FROM `tb_mhs`', 0)
 2 SYSTEMPATH\Database\BaseConnection.php(692): CodeIgniter\Database\MySQLi\Connection->execute('SELECT *
FROM `tb_mhs`')
 3 SYSTEMPATH\Database\BaseConnection.php(606): CodeIgniter\Database\BaseConnection->simpleQuery('SELECT *
FROM `tb_mhs`')
 4 SYSTEMPATH\Database\BaseBuilder.php(1616): CodeIgniter\Database\BaseConnection->query('SELECT *
FROM `tb_mhs`', [], false)
 5 SYSTEMPATH\Model.php(237): CodeIgniter\Database\BaseBuilder->get()
 6 SYSTEMPATH\BaseModel.php(624): CodeIgniter\Model->doFindAll(0, 0)
 7 APPPATH\Controllers\Mahasiswa.php(33): CodeIgniter\BaseModel->findAll()
 8 SYSTEMPATH\CodeIgniter.php(932): App\Controllers\Mahasiswa->getAll()
 9 SYSTEMPATH\CodeIgniter.php(497): CodeIgniter\CodeIgniter->runController(Object(App\Controllers\Mahasiswa))
10 SYSTEMPATH\CodeIgniter.php(366): CodeIgniter\CodeIgniter->handleRequest(null, Object(Config\Cache), false)
11 FCPATH\index.php(67): CodeIgniter\CodeIgniter->run()
12 SYSTEMPATH\Commands\Server\rewrite.php(47): require_once('C:\\Users\\Aceng\\Documents\\Belajar Website\\CI4\\ajax_crud\\public\\index.php')
ERROR - 2023-08-31 04:16:30 --> mysqli_sql_exception: Table 'mahasiswa.prodi' doesn't exist in C:\Users\Aceng\Documents\Belajar Website\CI4\ajax_crud\system\Database\MySQLi\Connection.php:295
Stack trace:
#0 C:\Users\Aceng\Documents\Belajar Website\CI4\ajax_crud\system\Database\MySQLi\Connection.php(295): mysqli->query('SELECT *\nFROM `...', 0)
#1 C:\Users\Aceng\Documents\Belajar Website\CI4\ajax_crud\system\Database\BaseConnection.php(692): CodeIgniter\Database\MySQLi\Connection->execute('SELECT *\nFROM `...')
#2 C:\Users\Aceng\Documents\Belajar Website\CI4\ajax_crud\system\Database\BaseConnection.php(606): CodeIgniter\Database\BaseConnection->simpleQuery('SELECT *\nFROM `...')
#3 C:\Users\Aceng\Documents\Belajar Website\CI4\ajax_crud\system\Database\BaseBuilder.php(1616): CodeIgniter\Database\BaseConnection->query('SELECT *\nFROM `...', Array, false)
#4 C:\Users\Aceng\Documents\Belajar Website\CI4\ajax_crud\system\Model.php(237): CodeIgniter\Database\BaseBuilder->get()
#5 C:\Users\Aceng\Documents\Belajar Website\CI4\ajax_crud\system\BaseModel.php(624): CodeIgniter\Model->doFindAll(0, 0)
#6 C:\Users\Aceng\Documents\Belajar Website\CI4\ajax_crud\app\Controllers\Mahasiswa.php(27): CodeIgniter\BaseModel->findAll()
#7 C:\Users\Aceng\Documents\Belajar Website\CI4\ajax_crud\system\CodeIgniter.php(932): App\Controllers\Mahasiswa->index()
#8 C:\Users\Aceng\Documents\Belajar Website\CI4\ajax_crud\system\CodeIgniter.php(497): CodeIgniter\CodeIgniter->runController(Object(App\Controllers\Mahasiswa))
#9 C:\Users\Aceng\Documents\Belajar Website\CI4\ajax_crud\system\CodeIgniter.php(366): CodeIgniter\CodeIgniter->handleRequest(NULL, Object(Config\Cache), false)
#10 C:\Users\Aceng\Documents\Belajar Website\CI4\ajax_crud\public\index.php(67): CodeIgniter\CodeIgniter->run()
#11 C:\Users\Aceng\Documents\Belajar Website\CI4\ajax_crud\system\Commands\Server\rewrite.php(47): require_once('C:\\Users\\Aceng\\...')
#12 {main}
CRITICAL - 2023-08-31 04:16:30 --> Table 'mahasiswa.prodi' doesn't exist
in SYSTEMPATH\Database\MySQLi\Connection.php on line 295.
 1 SYSTEMPATH\Database\MySQLi\Connection.php(295): mysqli->query('SELECT *
FROM `prodi`', 0)
 2 SYSTEMPATH\Database\BaseConnection.php(692): CodeIgniter\Database\MySQLi\Connection->execute('SELECT *
FROM `prodi`')
 3 SYSTEMPATH\Database\BaseConnection.php(606): CodeIgniter\Database\BaseConnection->simpleQuery('SELECT *
FROM `prodi`')
 4 SYSTEMPATH\Database\BaseBuilder.php(1616): CodeIgniter\Database\BaseConnection->query('SELECT *
FROM `prodi`', [], false)
 5 SYSTEMPATH\Model.php(237): CodeIgniter\Database\BaseBuilder->get()
 6 SYSTEMPATH\BaseModel.php(624): CodeIgniter\Model->doFindAll(0, 0)
 7 APPPATH\Controllers\Mahasiswa.php(27): CodeIgniter\BaseModel->findAll()
 8 SYSTEMPATH\CodeIgniter.php(932): App\Controllers\Mahasiswa->index()
 9 SYSTEMPATH\CodeIgniter.php(497): CodeIgniter\CodeIgniter->runController(Object(App\Controllers\Mahasiswa))
10 SYSTEMPATH\CodeIgniter.php(366): CodeIgniter\CodeIgniter->handleRequest(null, Object(Config\Cache), false)
11 FCPATH\index.php(67): CodeIgniter\CodeIgniter->run()
12 SYSTEMPATH\Commands\Server\rewrite.php(47): require_once('C:\\Users\\Aceng\\Documents\\Belajar Website\\CI4\\ajax_crud\\public\\index.php')
ERROR - 2023-08-31 04:16:36 --> mysqli_sql_exception: Table 'mahasiswa.prodi' doesn't exist in C:\Users\Aceng\Documents\Belajar Website\CI4\ajax_crud\system\Database\MySQLi\Connection.php:295
Stack trace:
#0 C:\Users\Aceng\Documents\Belajar Website\CI4\ajax_crud\system\Database\MySQLi\Connection.php(295): mysqli->query('SELECT *\nFROM `...', 0)
#1 C:\Users\Aceng\Documents\Belajar Website\CI4\ajax_crud\system\Database\BaseConnection.php(692): CodeIgniter\Database\MySQLi\Connection->execute('SELECT *\nFROM `...')
#2 C:\Users\Aceng\Documents\Belajar Website\CI4\ajax_crud\system\Database\BaseConnection.php(606): CodeIgniter\Database\BaseConnection->simpleQuery('SELECT *\nFROM `...')
#3 C:\Users\Aceng\Documents\Belajar Website\CI4\ajax_crud\system\Database\BaseBuilder.php(1616): CodeIgniter\Database\BaseConnection->query('SELECT *\nFROM `...', Array, false)
#4 C:\Users\Aceng\Documents\Belajar Website\CI4\ajax_crud\system\Model.php(237): CodeIgniter\Database\BaseBuilder->get()
#5 C:\Users\Aceng\Documents\Belajar Website\CI4\ajax_crud\system\BaseModel.php(624): CodeIgniter\Model->doFindAll(0, 0)
#6 C:\Users\Aceng\Documents\Belajar Website\CI4\ajax_crud\app\Controllers\Mahasiswa.php(27): CodeIgniter\BaseModel->findAll()
#7 C:\Users\Aceng\Documents\Belajar Website\CI4\ajax_crud\system\CodeIgniter.php(932): App\Controllers\Mahasiswa->index()
#8 C:\Users\Aceng\Documents\Belajar Website\CI4\ajax_crud\system\CodeIgniter.php(497): CodeIgniter\CodeIgniter->runController(Object(App\Controllers\Mahasiswa))
#9 C:\Users\Aceng\Documents\Belajar Website\CI4\ajax_crud\system\CodeIgniter.php(366): CodeIgniter\CodeIgniter->handleRequest(NULL, Object(Config\Cache), false)
#10 C:\Users\Aceng\Documents\Belajar Website\CI4\ajax_crud\public\index.php(67): CodeIgniter\CodeIgniter->run()
#11 C:\Users\Aceng\Documents\Belajar Website\CI4\ajax_crud\system\Commands\Server\rewrite.php(47): require_once('C:\\Users\\Aceng\\...')
#12 {main}
CRITICAL - 2023-08-31 04:16:36 --> Table 'mahasiswa.prodi' doesn't exist
in SYSTEMPATH\Database\MySQLi\Connection.php on line 295.
 1 SYSTEMPATH\Database\MySQLi\Connection.php(295): mysqli->query('SELECT *
FROM `prodi`', 0)
 2 SYSTEMPATH\Database\BaseConnection.php(692): CodeIgniter\Database\MySQLi\Connection->execute('SELECT *
FROM `prodi`')
 3 SYSTEMPATH\Database\BaseConnection.php(606): CodeIgniter\Database\BaseConnection->simpleQuery('SELECT *
FROM `prodi`')
 4 SYSTEMPATH\Database\BaseBuilder.php(1616): CodeIgniter\Database\BaseConnection->query('SELECT *
FROM `prodi`', [], false)
 5 SYSTEMPATH\Model.php(237): CodeIgniter\Database\BaseBuilder->get()
 6 SYSTEMPATH\BaseModel.php(624): CodeIgniter\Model->doFindAll(0, 0)
 7 APPPATH\Controllers\Mahasiswa.php(27): CodeIgniter\BaseModel->findAll()
 8 SYSTEMPATH\CodeIgniter.php(932): App\Controllers\Mahasiswa->index()
 9 SYSTEMPATH\CodeIgniter.php(497): CodeIgniter\CodeIgniter->runController(Object(App\Controllers\Mahasiswa))
10 SYSTEMPATH\CodeIgniter.php(366): CodeIgniter\CodeIgniter->handleRequest(null, Object(Config\Cache), false)
11 FCPATH\index.php(67): CodeIgniter\CodeIgniter->run()
12 SYSTEMPATH\Commands\Server\rewrite.php(47): require_once('C:\\Users\\Aceng\\Documents\\Belajar Website\\CI4\\ajax_crud\\public\\index.php')
ERROR - 2023-08-31 04:16:39 --> mysqli_sql_exception: Table 'mahasiswa.prodi' doesn't exist in C:\Users\Aceng\Documents\Belajar Website\CI4\ajax_crud\system\Database\MySQLi\Connection.php:295
Stack trace:
#0 C:\Users\Aceng\Documents\Belajar Website\CI4\ajax_crud\system\Database\MySQLi\Connection.php(295): mysqli->query('SELECT *\nFROM `...', 0)
#1 C:\Users\Aceng\Documents\Belajar Website\CI4\ajax_crud\system\Database\BaseConnection.php(692): CodeIgniter\Database\MySQLi\Connection->execute('SELECT *\nFROM `...')
#2 C:\Users\Aceng\Documents\Belajar Website\CI4\ajax_crud\system\Database\BaseConnection.php(606): CodeIgniter\Database\BaseConnection->simpleQuery('SELECT *\nFROM `...')
#3 C:\Users\Aceng\Documents\Belajar Website\CI4\ajax_crud\system\Database\BaseBuilder.php(1616): CodeIgniter\Database\BaseConnection->query('SELECT *\nFROM `...', Array, false)
#4 C:\Users\Aceng\Documents\Belajar Website\CI4\ajax_crud\system\Model.php(237): CodeIgniter\Database\BaseBuilder->get()
#5 C:\Users\Aceng\Documents\Belajar Website\CI4\ajax_crud\system\BaseModel.php(624): CodeIgniter\Model->doFindAll(0, 0)
#6 C:\Users\Aceng\Documents\Belajar Website\CI4\ajax_crud\app\Controllers\Mahasiswa.php(27): CodeIgniter\BaseModel->findAll()
#7 C:\Users\Aceng\Documents\Belajar Website\CI4\ajax_crud\system\CodeIgniter.php(932): App\Controllers\Mahasiswa->index()
#8 C:\Users\Aceng\Documents\Belajar Website\CI4\ajax_crud\system\CodeIgniter.php(497): CodeIgniter\CodeIgniter->runController(Object(App\Controllers\Mahasiswa))
#9 C:\Users\Aceng\Documents\Belajar Website\CI4\ajax_crud\system\CodeIgniter.php(366): CodeIgniter\CodeIgniter->handleRequest(NULL, Object(Config\Cache), false)
#10 C:\Users\Aceng\Documents\Belajar Website\CI4\ajax_crud\public\index.php(67): CodeIgniter\CodeIgniter->run()
#11 C:\Users\Aceng\Documents\Belajar Website\CI4\ajax_crud\system\Commands\Server\rewrite.php(47): require_once('C:\\Users\\Aceng\\...')
#12 {main}
CRITICAL - 2023-08-31 04:16:39 --> Table 'mahasiswa.prodi' doesn't exist
in SYSTEMPATH\Database\MySQLi\Connection.php on line 295.
 1 SYSTEMPATH\Database\MySQLi\Connection.php(295): mysqli->query('SELECT *
FROM `prodi`', 0)
 2 SYSTEMPATH\Database\BaseConnection.php(692): CodeIgniter\Database\MySQLi\Connection->execute('SELECT *
FROM `prodi`')
 3 SYSTEMPATH\Database\BaseConnection.php(606): CodeIgniter\Database\BaseConnection->simpleQuery('SELECT *
FROM `prodi`')
 4 SYSTEMPATH\Database\BaseBuilder.php(1616): CodeIgniter\Database\BaseConnection->query('SELECT *
FROM `prodi`', [], false)
 5 SYSTEMPATH\Model.php(237): CodeIgniter\Database\BaseBuilder->get()
 6 SYSTEMPATH\BaseModel.php(624): CodeIgniter\Model->doFindAll(0, 0)
 7 APPPATH\Controllers\Mahasiswa.php(27): CodeIgniter\BaseModel->findAll()
 8 SYSTEMPATH\CodeIgniter.php(932): App\Controllers\Mahasiswa->index()
 9 SYSTEMPATH\CodeIgniter.php(497): CodeIgniter\CodeIgniter->runController(Object(App\Controllers\Mahasiswa))
10 SYSTEMPATH\CodeIgniter.php(366): CodeIgniter\CodeIgniter->handleRequest(null, Object(Config\Cache), false)
11 FCPATH\index.php(67): CodeIgniter\CodeIgniter->run()
12 SYSTEMPATH\Commands\Server\rewrite.php(47): require_once('C:\\Users\\Aceng\\Documents\\Belajar Website\\CI4\\ajax_crud\\public\\index.php')
CRITICAL - 2023-08-31 04:17:12 --> Attempt to read property "id" on array
in APPPATH\Views\mahasiswa\index.php on line 87.
 1 APPPATH\Views\mahasiswa\index.php(87): CodeIgniter\Debug\Exceptions->errorHandler(2, 'Attempt to read property "id" on array', 'C:\\Users\\Aceng\\Documents\\Belajar Website\\CI4\\ajax_crud\\app\\Views\\mahasiswa\\index.php', 87)
 2 SYSTEMPATH\View\View.php(226): include('C:\\Users\\Aceng\\Documents\\Belajar Website\\CI4\\ajax_crud\\app\\Views\\mahasiswa\\index.php')
 3 SYSTEMPATH\View\View.php(229): CodeIgniter\View\View->CodeIgniter\View\{closure}()
 4 SYSTEMPATH\Common.php(1174): CodeIgniter\View\View->render('mahasiswa/index', [], true)
 5 APPPATH\Controllers\Mahasiswa.php(30): view('mahasiswa/index', [...])
 6 SYSTEMPATH\CodeIgniter.php(932): App\Controllers\Mahasiswa->index()
 7 SYSTEMPATH\CodeIgniter.php(497): CodeIgniter\CodeIgniter->runController(Object(App\Controllers\Mahasiswa))
 8 SYSTEMPATH\CodeIgniter.php(366): CodeIgniter\CodeIgniter->handleRequest(null, Object(Config\Cache), false)
 9 FCPATH\index.php(67): CodeIgniter\CodeIgniter->run()
10 SYSTEMPATH\Commands\Server\rewrite.php(47): require_once('C:\\Users\\Aceng\\Documents\\Belajar Website\\CI4\\ajax_crud\\public\\index.php')
CRITICAL - 2023-08-31 11:06:06 --> Call to a member function getError() on null
in APPPATH\Controllers\Mahasiswa.php on line 192.
 1 SYSTEMPATH\CodeIgniter.php(932): App\Controllers\Mahasiswa->UpdateMahasiswa()
 2 SYSTEMPATH\CodeIgniter.php(497): CodeIgniter\CodeIgniter->runController(Object(App\Controllers\Mahasiswa))
 3 SYSTEMPATH\CodeIgniter.php(366): CodeIgniter\CodeIgniter->handleRequest(null, Object(Config\Cache), false)
 4 FCPATH\index.php(67): CodeIgniter\CodeIgniter->run()
 5 SYSTEMPATH\Commands\Server\rewrite.php(47): require_once('C:\\Users\\Aceng\\Documents\\Belajar Website\\CI4\\ajax_crud\\public\\index.php')
CRITICAL - 2023-08-31 11:06:42 --> Call to a member function getError() on null
in APPPATH\Controllers\Mahasiswa.php on line 192.
 1 SYSTEMPATH\CodeIgniter.php(932): App\Controllers\Mahasiswa->UpdateMahasiswa()
 2 SYSTEMPATH\CodeIgniter.php(497): CodeIgniter\CodeIgniter->runController(Object(App\Controllers\Mahasiswa))
 3 SYSTEMPATH\CodeIgniter.php(366): CodeIgniter\CodeIgniter->handleRequest(null, Object(Config\Cache), false)
 4 FCPATH\index.php(67): CodeIgniter\CodeIgniter->run()
 5 SYSTEMPATH\Commands\Server\rewrite.php(47): require_once('C:\\Users\\Aceng\\Documents\\Belajar Website\\CI4\\ajax_crud\\public\\index.php')
CRITICAL - 2023-08-31 11:08:27 --> Call to a member function getError() on null
in APPPATH\Controllers\Mahasiswa.php on line 192.
 1 SYSTEMPATH\CodeIgniter.php(932): App\Controllers\Mahasiswa->UpdateMahasiswa()
 2 SYSTEMPATH\CodeIgniter.php(497): CodeIgniter\CodeIgniter->runController(Object(App\Controllers\Mahasiswa))
 3 SYSTEMPATH\CodeIgniter.php(366): CodeIgniter\CodeIgniter->handleRequest(null, Object(Config\Cache), false)
 4 FCPATH\index.php(67): CodeIgniter\CodeIgniter->run()
 5 SYSTEMPATH\Commands\Server\rewrite.php(47): require_once('C:\\Users\\Aceng\\Documents\\Belajar Website\\CI4\\ajax_crud\\public\\index.php')
CRITICAL - 2023-08-31 11:08:27 --> Call to a member function getError() on null
in APPPATH\Controllers\Mahasiswa.php on line 192.
 1 SYSTEMPATH\CodeIgniter.php(932): App\Controllers\Mahasiswa->UpdateMahasiswa()
 2 SYSTEMPATH\CodeIgniter.php(497): CodeIgniter\CodeIgniter->runController(Object(App\Controllers\Mahasiswa))
 3 SYSTEMPATH\CodeIgniter.php(366): CodeIgniter\CodeIgniter->handleRequest(null, Object(Config\Cache), false)
 4 FCPATH\index.php(67): CodeIgniter\CodeIgniter->run()
 5 SYSTEMPATH\Commands\Server\rewrite.php(47): require_once('C:\\Users\\Aceng\\Documents\\Belajar Website\\CI4\\ajax_crud\\public\\index.php')
CRITICAL - 2023-08-31 11:08:28 --> Call to a member function getError() on null
in APPPATH\Controllers\Mahasiswa.php on line 192.
 1 SYSTEMPATH\CodeIgniter.php(932): App\Controllers\Mahasiswa->UpdateMahasiswa()
 2 SYSTEMPATH\CodeIgniter.php(497): CodeIgniter\CodeIgniter->runController(Object(App\Controllers\Mahasiswa))
 3 SYSTEMPATH\CodeIgniter.php(366): CodeIgniter\CodeIgniter->handleRequest(null, Object(Config\Cache), false)
 4 FCPATH\index.php(67): CodeIgniter\CodeIgniter->run()
 5 SYSTEMPATH\Commands\Server\rewrite.php(47): require_once('C:\\Users\\Aceng\\Documents\\Belajar Website\\CI4\\ajax_crud\\public\\index.php')
CRITICAL - 2023-08-31 11:08:36 --> Call to a member function getError() on null
in APPPATH\Controllers\Mahasiswa.php on line 192.
 1 SYSTEMPATH\CodeIgniter.php(932): App\Controllers\Mahasiswa->UpdateMahasiswa()
 2 SYSTEMPATH\CodeIgniter.php(497): CodeIgniter\CodeIgniter->runController(Object(App\Controllers\Mahasiswa))
 3 SYSTEMPATH\CodeIgniter.php(366): CodeIgniter\CodeIgniter->handleRequest(null, Object(Config\Cache), false)
 4 FCPATH\index.php(67): CodeIgniter\CodeIgniter->run()
 5 SYSTEMPATH\Commands\Server\rewrite.php(47): require_once('C:\\Users\\Aceng\\Documents\\Belajar Website\\CI4\\ajax_crud\\public\\index.php')
CRITICAL - 2023-08-31 11:14:56 --> Call to a member function getError() on null
in APPPATH\Controllers\Mahasiswa.php on line 192.
 1 SYSTEMPATH\CodeIgniter.php(932): App\Controllers\Mahasiswa->UpdateMahasiswa()
 2 SYSTEMPATH\CodeIgniter.php(497): CodeIgniter\CodeIgniter->runController(Object(App\Controllers\Mahasiswa))
 3 SYSTEMPATH\CodeIgniter.php(366): CodeIgniter\CodeIgniter->handleRequest(null, Object(Config\Cache), false)
 4 FCPATH\index.php(67): CodeIgniter\CodeIgniter->run()
 5 SYSTEMPATH\Commands\Server\rewrite.php(47): require_once('C:\\Users\\Aceng\\Documents\\Belajar Website\\CI4\\ajax_crud\\public\\index.php')
CRITICAL - 2023-08-31 11:15:03 --> Call to a member function getError() on null
in APPPATH\Controllers\Mahasiswa.php on line 192.
 1 SYSTEMPATH\CodeIgniter.php(932): App\Controllers\Mahasiswa->UpdateMahasiswa()
 2 SYSTEMPATH\CodeIgniter.php(497): CodeIgniter\CodeIgniter->runController(Object(App\Controllers\Mahasiswa))
 3 SYSTEMPATH\CodeIgniter.php(366): CodeIgniter\CodeIgniter->handleRequest(null, Object(Config\Cache), false)
 4 FCPATH\index.php(67): CodeIgniter\CodeIgniter->run()
 5 SYSTEMPATH\Commands\Server\rewrite.php(47): require_once('C:\\Users\\Aceng\\Documents\\Belajar Website\\CI4\\ajax_crud\\public\\index.php')
CRITICAL - 2023-08-31 11:16:22 --> Call to a member function getError() on null
in APPPATH\Controllers\Mahasiswa.php on line 192.
 1 SYSTEMPATH\CodeIgniter.php(932): App\Controllers\Mahasiswa->UpdateMahasiswa()
 2 SYSTEMPATH\CodeIgniter.php(497): CodeIgniter\CodeIgniter->runController(Object(App\Controllers\Mahasiswa))
 3 SYSTEMPATH\CodeIgniter.php(366): CodeIgniter\CodeIgniter->handleRequest(null, Object(Config\Cache), false)
 4 FCPATH\index.php(67): CodeIgniter\CodeIgniter->run()
 5 SYSTEMPATH\Commands\Server\rewrite.php(47): require_once('C:\\Users\\Aceng\\Documents\\Belajar Website\\CI4\\ajax_crud\\public\\index.php')
CRITICAL - 2023-08-31 11:16:25 --> Call to a member function getError() on null
in APPPATH\Controllers\Mahasiswa.php on line 192.
 1 SYSTEMPATH\CodeIgniter.php(932): App\Controllers\Mahasiswa->UpdateMahasiswa()
 2 SYSTEMPATH\CodeIgniter.php(497): CodeIgniter\CodeIgniter->runController(Object(App\Controllers\Mahasiswa))
 3 SYSTEMPATH\CodeIgniter.php(366): CodeIgniter\CodeIgniter->handleRequest(null, Object(Config\Cache), false)
 4 FCPATH\index.php(67): CodeIgniter\CodeIgniter->run()
 5 SYSTEMPATH\Commands\Server\rewrite.php(47): require_once('C:\\Users\\Aceng\\Documents\\Belajar Website\\CI4\\ajax_crud\\public\\index.php')
CRITICAL - 2023-08-31 12:05:21 --> Call to a member function getError() on null
in APPPATH\Controllers\Mahasiswa.php on line 192.
 1 SYSTEMPATH\CodeIgniter.php(932): App\Controllers\Mahasiswa->UpdateMahasiswa()
 2 SYSTEMPATH\CodeIgniter.php(497): CodeIgniter\CodeIgniter->runController(Object(App\Controllers\Mahasiswa))
 3 SYSTEMPATH\CodeIgniter.php(366): CodeIgniter\CodeIgniter->handleRequest(null, Object(Config\Cache), false)
 4 FCPATH\index.php(67): CodeIgniter\CodeIgniter->run()
 5 SYSTEMPATH\Commands\Server\rewrite.php(47): require_once('C:\\Users\\Aceng\\Documents\\Belajar Website\\CI4\\ajax_crud\\public\\index.php')
CRITICAL - 2023-08-31 12:05:26 --> Call to a member function getError() on null
in APPPATH\Controllers\Mahasiswa.php on line 192.
 1 SYSTEMPATH\CodeIgniter.php(932): App\Controllers\Mahasiswa->UpdateMahasiswa()
 2 SYSTEMPATH\CodeIgniter.php(497): CodeIgniter\CodeIgniter->runController(Object(App\Controllers\Mahasiswa))
 3 SYSTEMPATH\CodeIgniter.php(366): CodeIgniter\CodeIgniter->handleRequest(null, Object(Config\Cache), false)
 4 FCPATH\index.php(67): CodeIgniter\CodeIgniter->run()
 5 SYSTEMPATH\Commands\Server\rewrite.php(47): require_once('C:\\Users\\Aceng\\Documents\\Belajar Website\\CI4\\ajax_crud\\public\\index.php')
CRITICAL - 2023-08-31 12:07:13 --> Too few arguments to function CodeIgniter\Controller::validate(), 0 passed in C:\Users\Aceng\Documents\Belajar Website\CI4\ajax_crud\app\Controllers\Mahasiswa.php on line 192 and at least 1 expected
in SYSTEMPATH\Controller.php on line 145.
 1 APPPATH\Controllers\Mahasiswa.php(192): CodeIgniter\Controller->validate()
 2 SYSTEMPATH\CodeIgniter.php(932): App\Controllers\Mahasiswa->UpdateMahasiswa()
 3 SYSTEMPATH\CodeIgniter.php(497): CodeIgniter\CodeIgniter->runController(Object(App\Controllers\Mahasiswa))
 4 SYSTEMPATH\CodeIgniter.php(366): CodeIgniter\CodeIgniter->handleRequest(null, Object(Config\Cache), false)
 5 FCPATH\index.php(67): CodeIgniter\CodeIgniter->run()
 6 SYSTEMPATH\Commands\Server\rewrite.php(47): require_once('C:\\Users\\Aceng\\Documents\\Belajar Website\\CI4\\ajax_crud\\public\\index.php')
CRITICAL - 2023-08-31 12:07:22 --> Too few arguments to function CodeIgniter\Controller::validate(), 0 passed in C:\Users\Aceng\Documents\Belajar Website\CI4\ajax_crud\app\Controllers\Mahasiswa.php on line 192 and at least 1 expected
in SYSTEMPATH\Controller.php on line 145.
 1 APPPATH\Controllers\Mahasiswa.php(192): CodeIgniter\Controller->validate()
 2 SYSTEMPATH\CodeIgniter.php(932): App\Controllers\Mahasiswa->UpdateMahasiswa()
 3 SYSTEMPATH\CodeIgniter.php(497): CodeIgniter\CodeIgniter->runController(Object(App\Controllers\Mahasiswa))
 4 SYSTEMPATH\CodeIgniter.php(366): CodeIgniter\CodeIgniter->handleRequest(null, Object(Config\Cache), false)
 5 FCPATH\index.php(67): CodeIgniter\CodeIgniter->run()
 6 SYSTEMPATH\Commands\Server\rewrite.php(47): require_once('C:\\Users\\Aceng\\Documents\\Belajar Website\\CI4\\ajax_crud\\public\\index.php')
CRITICAL - 2023-08-31 12:10:16 --> Call to a member function getError() on null
in APPPATH\Controllers\Mahasiswa.php on line 197.
 1 SYSTEMPATH\CodeIgniter.php(932): App\Controllers\Mahasiswa->UpdateMahasiswa()
 2 SYSTEMPATH\CodeIgniter.php(497): CodeIgniter\CodeIgniter->runController(Object(App\Controllers\Mahasiswa))
 3 SYSTEMPATH\CodeIgniter.php(366): CodeIgniter\CodeIgniter->handleRequest(null, Object(Config\Cache), false)
 4 FCPATH\index.php(67): CodeIgniter\CodeIgniter->run()
 5 SYSTEMPATH\Commands\Server\rewrite.php(47): require_once('C:\\Users\\Aceng\\Documents\\Belajar Website\\CI4\\ajax_crud\\public\\index.php')
CRITICAL - 2023-08-31 12:11:13 --> Call to a member function getError() on null
in APPPATH\Controllers\Mahasiswa.php on line 197.
 1 SYSTEMPATH\CodeIgniter.php(932): App\Controllers\Mahasiswa->UpdateMahasiswa()
 2 SYSTEMPATH\CodeIgniter.php(497): CodeIgniter\CodeIgniter->runController(Object(App\Controllers\Mahasiswa))
 3 SYSTEMPATH\CodeIgniter.php(366): CodeIgniter\CodeIgniter->handleRequest(null, Object(Config\Cache), false)
 4 FCPATH\index.php(67): CodeIgniter\CodeIgniter->run()
 5 SYSTEMPATH\Commands\Server\rewrite.php(47): require_once('C:\\Users\\Aceng\\Documents\\Belajar Website\\CI4\\ajax_crud\\public\\index.php')
CRITICAL - 2023-08-31 12:12:35 --> Call to a member function getError() on null
in APPPATH\Controllers\Mahasiswa.php on line 197.
 1 SYSTEMPATH\CodeIgniter.php(932): App\Controllers\Mahasiswa->UpdateMahasiswa()
 2 SYSTEMPATH\CodeIgniter.php(497): CodeIgniter\CodeIgniter->runController(Object(App\Controllers\Mahasiswa))
 3 SYSTEMPATH\CodeIgniter.php(366): CodeIgniter\CodeIgniter->handleRequest(null, Object(Config\Cache), false)
 4 FCPATH\index.php(67): CodeIgniter\CodeIgniter->run()
 5 SYSTEMPATH\Commands\Server\rewrite.php(47): require_once('C:\\Users\\Aceng\\Documents\\Belajar Website\\CI4\\ajax_crud\\public\\index.php')
