CRITICAL - 2023-09-22 13:26:23 --> Undefined property: stdClass::$nama_prodi
in APPPATH\Controllers\Mahasiswa.php on line 54.
 1 APPPATH\Controllers\Mahasiswa.php(54): CodeIgniter\Debug\Exceptions->errorHandler(2, 'Undefined property: stdClass::$nama_prodi', 'C:\\Users\\Aceng\\Documents\\Belajar Website\\CI4\\ajax_crud\\app\\Controllers\\Mahasiswa.php', 54)
 2 SYSTEMPATH\CodeIgniter.php(932): App\Controllers\Mahasiswa->getAll()
 3 SYSTEMPATH\CodeIgniter.php(497): CodeIgniter\CodeIgniter->runController(Object(App\Controllers\Mahasiswa))
 4 SYSTEMPATH\CodeIgniter.php(366): CodeIgniter\CodeIgniter->handleRequest(null, Object(Config\Cache), false)
 5 FCPATH\index.php(67): CodeIgniter\CodeIgniter->run()
 6 SYSTEMPATH\Commands\Server\rewrite.php(47): require_once('C:\\Users\\Aceng\\Documents\\Belajar Website\\CI4\\ajax_crud\\public\\index.php')
ERROR - 2023-09-22 13:29:04 --> mysqli_sql_exception: Unknown column 'prodi' in 'field list' in C:\Users\Aceng\Documents\Belajar Website\CI4\ajax_crud\system\Database\MySQLi\Connection.php:295
Stack trace:
#0 C:\Users\Aceng\Documents\Belajar Website\CI4\ajax_crud\system\Database\MySQLi\Connection.php(295): mysqli->query('UPDATE `tb_mhs`...', 0)
#1 C:\Users\Aceng\Documents\Belajar Website\CI4\ajax_crud\system\Database\BaseConnection.php(692): CodeIgniter\Database\MySQLi\Connection->execute('UPDATE `tb_mhs`...')
#2 C:\Users\Aceng\Documents\Belajar Website\CI4\ajax_crud\system\Database\BaseConnection.php(606): CodeIgniter\Database\BaseConnection->simpleQuery('UPDATE `tb_mhs`...')
#3 C:\Users\Aceng\Documents\Belajar Website\CI4\ajax_crud\system\Database\BaseBuilder.php(2476): CodeIgniter\Database\BaseConnection->query('UPDATE `tb_mhs`...', Array, false)
#4 C:\Users\Aceng\Documents\Belajar Website\CI4\ajax_crud\system\Model.php(385): CodeIgniter\Database\BaseBuilder->update()
#5 C:\Users\Aceng\Documents\Belajar Website\CI4\ajax_crud\system\BaseModel.php(949): CodeIgniter\Model->doUpdate(Array, Array)
#6 C:\Users\Aceng\Documents\Belajar Website\CI4\ajax_crud\system\Model.php(776): CodeIgniter\BaseModel->update(Array, Array)
#7 C:\Users\Aceng\Documents\Belajar Website\CI4\ajax_crud\app\Models\MahasiswaModel.php(35): CodeIgniter\Model->update('1', Array)
#8 C:\Users\Aceng\Documents\Belajar Website\CI4\ajax_crud\app\Controllers\Mahasiswa.php(249): App\Models\MahasiswaModel->UpdateDataMahasiswa('1', Array)
#9 C:\Users\Aceng\Documents\Belajar Website\CI4\ajax_crud\system\CodeIgniter.php(932): App\Controllers\Mahasiswa->UpdateMahasiswa()
#10 C:\Users\Aceng\Documents\Belajar Website\CI4\ajax_crud\system\CodeIgniter.php(497): CodeIgniter\CodeIgniter->runController(Object(App\Controllers\Mahasiswa))
#11 C:\Users\Aceng\Documents\Belajar Website\CI4\ajax_crud\system\CodeIgniter.php(366): CodeIgniter\CodeIgniter->handleRequest(NULL, Object(Config\Cache), false)
#12 C:\Users\Aceng\Documents\Belajar Website\CI4\ajax_crud\public\index.php(67): CodeIgniter\CodeIgniter->run()
#13 C:\Users\Aceng\Documents\Belajar Website\CI4\ajax_crud\system\Commands\Server\rewrite.php(47): require_once('C:\\Users\\Aceng\\...')
#14 {main}
CRITICAL - 2023-09-22 13:29:04 --> Unknown column 'prodi' in 'field list'
in SYSTEMPATH\Database\MySQLi\Connection.php on line 295.
 1 SYSTEMPATH\Database\MySQLi\Connection.php(295): mysqli->query('UPDATE `tb_mhs` SET `nama` = \'Muhammad Tabrizt\', `nim` = \'2005112049\', `jen_kel` = \'L\', `kelas` = \'CE-6B\', `prodi` = \'2\', `foto` = \'default.jpg\'
WHERE `tb_mhs`.`id` IN (\'1\')', 0)
 2 SYSTEMPATH\Database\BaseConnection.php(692): CodeIgniter\Database\MySQLi\Connection->execute('UPDATE `tb_mhs` SET `nama` = \'Muhammad Tabrizt\', `nim` = \'2005112049\', `jen_kel` = \'L\', `kelas` = \'CE-6B\', `prodi` = \'2\', `foto` = \'default.jpg\'
WHERE `tb_mhs`.`id` IN (\'1\')')
 3 SYSTEMPATH\Database\BaseConnection.php(606): CodeIgniter\Database\BaseConnection->simpleQuery('UPDATE `tb_mhs` SET `nama` = \'Muhammad Tabrizt\', `nim` = \'2005112049\', `jen_kel` = \'L\', `kelas` = \'CE-6B\', `prodi` = \'2\', `foto` = \'default.jpg\'
WHERE `tb_mhs`.`id` IN (\'1\')')
 4 SYSTEMPATH\Database\BaseBuilder.php(2476): CodeIgniter\Database\BaseConnection->query('UPDATE `tb_mhs` SET `nama` = :nama:, `nim` = :nim:, `jen_kel` = :jen_kel:, `kelas` = :kelas:, `prodi` = :prodi:, `foto` = :foto:
WHERE `tb_mhs`.`id` IN :tb_mhs.id:', [...], false)
 5 SYSTEMPATH\Model.php(385): CodeIgniter\Database\BaseBuilder->update()
 6 SYSTEMPATH\BaseModel.php(949): CodeIgniter\Model->doUpdate([...], [...])
 7 SYSTEMPATH\Model.php(776): CodeIgniter\BaseModel->update([...], [...])
 8 APPPATH\Models\MahasiswaModel.php(35): CodeIgniter\Model->update('1', [...])
 9 APPPATH\Controllers\Mahasiswa.php(249): App\Models\MahasiswaModel->UpdateDataMahasiswa('1', [...])
10 SYSTEMPATH\CodeIgniter.php(932): App\Controllers\Mahasiswa->UpdateMahasiswa()
11 SYSTEMPATH\CodeIgniter.php(497): CodeIgniter\CodeIgniter->runController(Object(App\Controllers\Mahasiswa))
12 SYSTEMPATH\CodeIgniter.php(366): CodeIgniter\CodeIgniter->handleRequest(null, Object(Config\Cache), false)
13 FCPATH\index.php(67): CodeIgniter\CodeIgniter->run()
14 SYSTEMPATH\Commands\Server\rewrite.php(47): require_once('C:\\Users\\Aceng\\Documents\\Belajar Website\\CI4\\ajax_crud\\public\\index.php')
ERROR - 2023-09-22 13:29:48 --> mysqli_sql_exception: Unknown column 'prodi' in 'field list' in C:\Users\Aceng\Documents\Belajar Website\CI4\ajax_crud\system\Database\MySQLi\Connection.php:295
Stack trace:
#0 C:\Users\Aceng\Documents\Belajar Website\CI4\ajax_crud\system\Database\MySQLi\Connection.php(295): mysqli->query('INSERT INTO `tb...', 0)
#1 C:\Users\Aceng\Documents\Belajar Website\CI4\ajax_crud\system\Database\BaseConnection.php(692): CodeIgniter\Database\MySQLi\Connection->execute('INSERT INTO `tb...')
#2 C:\Users\Aceng\Documents\Belajar Website\CI4\ajax_crud\system\Database\BaseConnection.php(606): CodeIgniter\Database\BaseConnection->simpleQuery('INSERT INTO `tb...')
#3 C:\Users\Aceng\Documents\Belajar Website\CI4\ajax_crud\system\Database\BaseBuilder.php(2309): CodeIgniter\Database\BaseConnection->query('INSERT INTO `tb...', Array, false)
#4 C:\Users\Aceng\Documents\Belajar Website\CI4\ajax_crud\app\Models\MahasiswaModel.php(30): CodeIgniter\Database\BaseBuilder->insert(Array)
#5 C:\Users\Aceng\Documents\Belajar Website\CI4\ajax_crud\app\Controllers\Mahasiswa.php(172): App\Models\MahasiswaModel->TambahDataMahasiswa(Array)
#6 C:\Users\Aceng\Documents\Belajar Website\CI4\ajax_crud\system\CodeIgniter.php(932): App\Controllers\Mahasiswa->TambahMahasiswa()
#7 C:\Users\Aceng\Documents\Belajar Website\CI4\ajax_crud\system\CodeIgniter.php(497): CodeIgniter\CodeIgniter->runController(Object(App\Controllers\Mahasiswa))
#8 C:\Users\Aceng\Documents\Belajar Website\CI4\ajax_crud\system\CodeIgniter.php(366): CodeIgniter\CodeIgniter->handleRequest(NULL, Object(Config\Cache), false)
#9 C:\Users\Aceng\Documents\Belajar Website\CI4\ajax_crud\public\index.php(67): CodeIgniter\CodeIgniter->run()
#10 C:\Users\Aceng\Documents\Belajar Website\CI4\ajax_crud\system\Commands\Server\rewrite.php(47): require_once('C:\\Users\\Aceng\\...')
#11 {main}
CRITICAL - 2023-09-22 13:29:48 --> Unknown column 'prodi' in 'field list'
in SYSTEMPATH\Database\MySQLi\Connection.php on line 295.
 1 SYSTEMPATH\Database\MySQLi\Connection.php(295): mysqli->query('INSERT INTO `tb_mhs` (`nama`, `nim`, `jen_kel`, `kelas`, `prodi`, `foto`) VALUES (\'Biosmart Charisma Wegy Sembiring\', \'2005112059\', \'L\', \'CE-6B\', \'1\', \'default.jpg\')', 0)
 2 SYSTEMPATH\Database\BaseConnection.php(692): CodeIgniter\Database\MySQLi\Connection->execute('INSERT INTO `tb_mhs` (`nama`, `nim`, `jen_kel`, `kelas`, `prodi`, `foto`) VALUES (\'Biosmart Charisma Wegy Sembiring\', \'2005112059\', \'L\', \'CE-6B\', \'1\', \'default.jpg\')')
 3 SYSTEMPATH\Database\BaseConnection.php(606): CodeIgniter\Database\BaseConnection->simpleQuery('INSERT INTO `tb_mhs` (`nama`, `nim`, `jen_kel`, `kelas`, `prodi`, `foto`) VALUES (\'Biosmart Charisma Wegy Sembiring\', \'2005112059\', \'L\', \'CE-6B\', \'1\', \'default.jpg\')')
 4 SYSTEMPATH\Database\BaseBuilder.php(2309): CodeIgniter\Database\BaseConnection->query('INSERT INTO `tb_mhs` (`nama`, `nim`, `jen_kel`, `kelas`, `prodi`, `foto`) VALUES (:nama:, :nim:, :jen_kel:, :kelas:, :prodi:, :foto:)', [...], false)
 5 APPPATH\Models\MahasiswaModel.php(30): CodeIgniter\Database\BaseBuilder->insert([...])
 6 APPPATH\Controllers\Mahasiswa.php(172): App\Models\MahasiswaModel->TambahDataMahasiswa([...])
 7 SYSTEMPATH\CodeIgniter.php(932): App\Controllers\Mahasiswa->TambahMahasiswa()
 8 SYSTEMPATH\CodeIgniter.php(497): CodeIgniter\CodeIgniter->runController(Object(App\Controllers\Mahasiswa))
 9 SYSTEMPATH\CodeIgniter.php(366): CodeIgniter\CodeIgniter->handleRequest(null, Object(Config\Cache), false)
10 FCPATH\index.php(67): CodeIgniter\CodeIgniter->run()
11 SYSTEMPATH\Commands\Server\rewrite.php(47): require_once('C:\\Users\\Aceng\\Documents\\Belajar Website\\CI4\\ajax_crud\\public\\index.php')
ERROR - 2023-09-22 13:31:45 --> mysqli_sql_exception: Unknown column 'prodi' in 'field list' in C:\Users\Aceng\Documents\Belajar Website\CI4\ajax_crud\system\Database\MySQLi\Connection.php:295
Stack trace:
#0 C:\Users\Aceng\Documents\Belajar Website\CI4\ajax_crud\system\Database\MySQLi\Connection.php(295): mysqli->query('INSERT INTO `tb...', 0)
#1 C:\Users\Aceng\Documents\Belajar Website\CI4\ajax_crud\system\Database\BaseConnection.php(692): CodeIgniter\Database\MySQLi\Connection->execute('INSERT INTO `tb...')
#2 C:\Users\Aceng\Documents\Belajar Website\CI4\ajax_crud\system\Database\BaseConnection.php(606): CodeIgniter\Database\BaseConnection->simpleQuery('INSERT INTO `tb...')
#3 C:\Users\Aceng\Documents\Belajar Website\CI4\ajax_crud\system\Database\BaseBuilder.php(2309): CodeIgniter\Database\BaseConnection->query('INSERT INTO `tb...', Array, false)
#4 C:\Users\Aceng\Documents\Belajar Website\CI4\ajax_crud\app\Models\MahasiswaModel.php(30): CodeIgniter\Database\BaseBuilder->insert(Array)
#5 C:\Users\Aceng\Documents\Belajar Website\CI4\ajax_crud\app\Controllers\Mahasiswa.php(172): App\Models\MahasiswaModel->TambahDataMahasiswa(Array)
#6 C:\Users\Aceng\Documents\Belajar Website\CI4\ajax_crud\system\CodeIgniter.php(932): App\Controllers\Mahasiswa->TambahMahasiswa()
#7 C:\Users\Aceng\Documents\Belajar Website\CI4\ajax_crud\system\CodeIgniter.php(497): CodeIgniter\CodeIgniter->runController(Object(App\Controllers\Mahasiswa))
#8 C:\Users\Aceng\Documents\Belajar Website\CI4\ajax_crud\system\CodeIgniter.php(366): CodeIgniter\CodeIgniter->handleRequest(NULL, Object(Config\Cache), false)
#9 C:\Users\Aceng\Documents\Belajar Website\CI4\ajax_crud\public\index.php(67): CodeIgniter\CodeIgniter->run()
#10 C:\Users\Aceng\Documents\Belajar Website\CI4\ajax_crud\system\Commands\Server\rewrite.php(47): require_once('C:\\Users\\Aceng\\...')
#11 {main}
CRITICAL - 2023-09-22 13:31:45 --> Unknown column 'prodi' in 'field list'
in SYSTEMPATH\Database\MySQLi\Connection.php on line 295.
 1 SYSTEMPATH\Database\MySQLi\Connection.php(295): mysqli->query('INSERT INTO `tb_mhs` (`nama`, `nim`, `jen_kel`, `kelas`, `prodi`, `foto`) VALUES (\'Biosmart Charisma Wegy Sembiring\', \'2005112059\', \'L\', \'CE-6B\', \'1\', \'default.jpg\')', 0)
 2 SYSTEMPATH\Database\BaseConnection.php(692): CodeIgniter\Database\MySQLi\Connection->execute('INSERT INTO `tb_mhs` (`nama`, `nim`, `jen_kel`, `kelas`, `prodi`, `foto`) VALUES (\'Biosmart Charisma Wegy Sembiring\', \'2005112059\', \'L\', \'CE-6B\', \'1\', \'default.jpg\')')
 3 SYSTEMPATH\Database\BaseConnection.php(606): CodeIgniter\Database\BaseConnection->simpleQuery('INSERT INTO `tb_mhs` (`nama`, `nim`, `jen_kel`, `kelas`, `prodi`, `foto`) VALUES (\'Biosmart Charisma Wegy Sembiring\', \'2005112059\', \'L\', \'CE-6B\', \'1\', \'default.jpg\')')
 4 SYSTEMPATH\Database\BaseBuilder.php(2309): CodeIgniter\Database\BaseConnection->query('INSERT INTO `tb_mhs` (`nama`, `nim`, `jen_kel`, `kelas`, `prodi`, `foto`) VALUES (:nama:, :nim:, :jen_kel:, :kelas:, :prodi:, :foto:)', [...], false)
 5 APPPATH\Models\MahasiswaModel.php(30): CodeIgniter\Database\BaseBuilder->insert([...])
 6 APPPATH\Controllers\Mahasiswa.php(172): App\Models\MahasiswaModel->TambahDataMahasiswa([...])
 7 SYSTEMPATH\CodeIgniter.php(932): App\Controllers\Mahasiswa->TambahMahasiswa()
 8 SYSTEMPATH\CodeIgniter.php(497): CodeIgniter\CodeIgniter->runController(Object(App\Controllers\Mahasiswa))
 9 SYSTEMPATH\CodeIgniter.php(366): CodeIgniter\CodeIgniter->handleRequest(null, Object(Config\Cache), false)
10 FCPATH\index.php(67): CodeIgniter\CodeIgniter->run()
11 SYSTEMPATH\Commands\Server\rewrite.php(47): require_once('C:\\Users\\Aceng\\Documents\\Belajar Website\\CI4\\ajax_crud\\public\\index.php')
ERROR - 2023-09-22 13:41:52 --> mysqli_sql_exception: Unknown column 'prodi' in 'field list' in C:\Users\Aceng\Documents\Belajar Website\CI4\ajax_crud\system\Database\MySQLi\Connection.php:295
Stack trace:
#0 C:\Users\Aceng\Documents\Belajar Website\CI4\ajax_crud\system\Database\MySQLi\Connection.php(295): mysqli->query('INSERT INTO `tb...', 0)
#1 C:\Users\Aceng\Documents\Belajar Website\CI4\ajax_crud\system\Database\BaseConnection.php(692): CodeIgniter\Database\MySQLi\Connection->execute('INSERT INTO `tb...')
#2 C:\Users\Aceng\Documents\Belajar Website\CI4\ajax_crud\system\Database\BaseConnection.php(606): CodeIgniter\Database\BaseConnection->simpleQuery('INSERT INTO `tb...')
#3 C:\Users\Aceng\Documents\Belajar Website\CI4\ajax_crud\system\Database\BaseBuilder.php(2309): CodeIgniter\Database\BaseConnection->query('INSERT INTO `tb...', Array, false)
#4 C:\Users\Aceng\Documents\Belajar Website\CI4\ajax_crud\app\Models\MahasiswaModel.php(30): CodeIgniter\Database\BaseBuilder->insert(Array)
#5 C:\Users\Aceng\Documents\Belajar Website\CI4\ajax_crud\app\Controllers\Mahasiswa.php(172): App\Models\MahasiswaModel->TambahDataMahasiswa(Array)
#6 C:\Users\Aceng\Documents\Belajar Website\CI4\ajax_crud\system\CodeIgniter.php(932): App\Controllers\Mahasiswa->TambahMahasiswa()
#7 C:\Users\Aceng\Documents\Belajar Website\CI4\ajax_crud\system\CodeIgniter.php(497): CodeIgniter\CodeIgniter->runController(Object(App\Controllers\Mahasiswa))
#8 C:\Users\Aceng\Documents\Belajar Website\CI4\ajax_crud\system\CodeIgniter.php(366): CodeIgniter\CodeIgniter->handleRequest(NULL, Object(Config\Cache), false)
#9 C:\Users\Aceng\Documents\Belajar Website\CI4\ajax_crud\public\index.php(67): CodeIgniter\CodeIgniter->run()
#10 C:\Users\Aceng\Documents\Belajar Website\CI4\ajax_crud\system\Commands\Server\rewrite.php(47): require_once('C:\\Users\\Aceng\\...')
#11 {main}
CRITICAL - 2023-09-22 13:41:52 --> Unknown column 'prodi' in 'field list'
in SYSTEMPATH\Database\MySQLi\Connection.php on line 295.
 1 SYSTEMPATH\Database\MySQLi\Connection.php(295): mysqli->query('INSERT INTO `tb_mhs` (`nama`, `nim`, `jen_kel`, `kelas`, `prodi`, `foto`) VALUES (\'Biosmart Charisma Wegy Sembiring\', \'2005112059\', \'L\', \'CE-6B\', \'1\', \'default.jpg\')', 0)
 2 SYSTEMPATH\Database\BaseConnection.php(692): CodeIgniter\Database\MySQLi\Connection->execute('INSERT INTO `tb_mhs` (`nama`, `nim`, `jen_kel`, `kelas`, `prodi`, `foto`) VALUES (\'Biosmart Charisma Wegy Sembiring\', \'2005112059\', \'L\', \'CE-6B\', \'1\', \'default.jpg\')')
 3 SYSTEMPATH\Database\BaseConnection.php(606): CodeIgniter\Database\BaseConnection->simpleQuery('INSERT INTO `tb_mhs` (`nama`, `nim`, `jen_kel`, `kelas`, `prodi`, `foto`) VALUES (\'Biosmart Charisma Wegy Sembiring\', \'2005112059\', \'L\', \'CE-6B\', \'1\', \'default.jpg\')')
 4 SYSTEMPATH\Database\BaseBuilder.php(2309): CodeIgniter\Database\BaseConnection->query('INSERT INTO `tb_mhs` (`nama`, `nim`, `jen_kel`, `kelas`, `prodi`, `foto`) VALUES (:nama:, :nim:, :jen_kel:, :kelas:, :prodi:, :foto:)', [...], false)
 5 APPPATH\Models\MahasiswaModel.php(30): CodeIgniter\Database\BaseBuilder->insert([...])
 6 APPPATH\Controllers\Mahasiswa.php(172): App\Models\MahasiswaModel->TambahDataMahasiswa([...])
 7 SYSTEMPATH\CodeIgniter.php(932): App\Controllers\Mahasiswa->TambahMahasiswa()
 8 SYSTEMPATH\CodeIgniter.php(497): CodeIgniter\CodeIgniter->runController(Object(App\Controllers\Mahasiswa))
 9 SYSTEMPATH\CodeIgniter.php(366): CodeIgniter\CodeIgniter->handleRequest(null, Object(Config\Cache), false)
10 FCPATH\index.php(67): CodeIgniter\CodeIgniter->run()
11 SYSTEMPATH\Commands\Server\rewrite.php(47): require_once('C:\\Users\\Aceng\\Documents\\Belajar Website\\CI4\\ajax_crud\\public\\index.php')
ERROR - 2023-09-22 13:44:24 --> mysqli_sql_exception: Unknown column 'prodi' in 'field list' in C:\Users\Aceng\Documents\Belajar Website\CI4\ajax_crud\system\Database\MySQLi\Connection.php:295
Stack trace:
#0 C:\Users\Aceng\Documents\Belajar Website\CI4\ajax_crud\system\Database\MySQLi\Connection.php(295): mysqli->query('INSERT INTO `tb...', 0)
#1 C:\Users\Aceng\Documents\Belajar Website\CI4\ajax_crud\system\Database\BaseConnection.php(692): CodeIgniter\Database\MySQLi\Connection->execute('INSERT INTO `tb...')
#2 C:\Users\Aceng\Documents\Belajar Website\CI4\ajax_crud\system\Database\BaseConnection.php(606): CodeIgniter\Database\BaseConnection->simpleQuery('INSERT INTO `tb...')
#3 C:\Users\Aceng\Documents\Belajar Website\CI4\ajax_crud\system\Database\BaseBuilder.php(2309): CodeIgniter\Database\BaseConnection->query('INSERT INTO `tb...', Array, false)
#4 C:\Users\Aceng\Documents\Belajar Website\CI4\ajax_crud\app\Models\MahasiswaModel.php(30): CodeIgniter\Database\BaseBuilder->insert(Array)
#5 C:\Users\Aceng\Documents\Belajar Website\CI4\ajax_crud\app\Controllers\Mahasiswa.php(172): App\Models\MahasiswaModel->TambahDataMahasiswa(Array)
#6 C:\Users\Aceng\Documents\Belajar Website\CI4\ajax_crud\system\CodeIgniter.php(932): App\Controllers\Mahasiswa->TambahMahasiswa()
#7 C:\Users\Aceng\Documents\Belajar Website\CI4\ajax_crud\system\CodeIgniter.php(497): CodeIgniter\CodeIgniter->runController(Object(App\Controllers\Mahasiswa))
#8 C:\Users\Aceng\Documents\Belajar Website\CI4\ajax_crud\system\CodeIgniter.php(366): CodeIgniter\CodeIgniter->handleRequest(NULL, Object(Config\Cache), false)
#9 C:\Users\Aceng\Documents\Belajar Website\CI4\ajax_crud\public\index.php(67): CodeIgniter\CodeIgniter->run()
#10 C:\Users\Aceng\Documents\Belajar Website\CI4\ajax_crud\system\Commands\Server\rewrite.php(47): require_once('C:\\Users\\Aceng\\...')
#11 {main}
CRITICAL - 2023-09-22 13:44:24 --> Unknown column 'prodi' in 'field list'
in SYSTEMPATH\Database\MySQLi\Connection.php on line 295.
 1 SYSTEMPATH\Database\MySQLi\Connection.php(295): mysqli->query('INSERT INTO `tb_mhs` (`nama`, `nim`, `jen_kel`, `kelas`, `prodi`, `foto`) VALUES (\'Biosmart Charisma Wegy Sembiring\', \'2005112059\', \'L\', \'CE-6B\', \'1\', \'default.jpg\')', 0)
 2 SYSTEMPATH\Database\BaseConnection.php(692): CodeIgniter\Database\MySQLi\Connection->execute('INSERT INTO `tb_mhs` (`nama`, `nim`, `jen_kel`, `kelas`, `prodi`, `foto`) VALUES (\'Biosmart Charisma Wegy Sembiring\', \'2005112059\', \'L\', \'CE-6B\', \'1\', \'default.jpg\')')
 3 SYSTEMPATH\Database\BaseConnection.php(606): CodeIgniter\Database\BaseConnection->simpleQuery('INSERT INTO `tb_mhs` (`nama`, `nim`, `jen_kel`, `kelas`, `prodi`, `foto`) VALUES (\'Biosmart Charisma Wegy Sembiring\', \'2005112059\', \'L\', \'CE-6B\', \'1\', \'default.jpg\')')
 4 SYSTEMPATH\Database\BaseBuilder.php(2309): CodeIgniter\Database\BaseConnection->query('INSERT INTO `tb_mhs` (`nama`, `nim`, `jen_kel`, `kelas`, `prodi`, `foto`) VALUES (:nama:, :nim:, :jen_kel:, :kelas:, :prodi:, :foto:)', [...], false)
 5 APPPATH\Models\MahasiswaModel.php(30): CodeIgniter\Database\BaseBuilder->insert([...])
 6 APPPATH\Controllers\Mahasiswa.php(172): App\Models\MahasiswaModel->TambahDataMahasiswa([...])
 7 SYSTEMPATH\CodeIgniter.php(932): App\Controllers\Mahasiswa->TambahMahasiswa()
 8 SYSTEMPATH\CodeIgniter.php(497): CodeIgniter\CodeIgniter->runController(Object(App\Controllers\Mahasiswa))
 9 SYSTEMPATH\CodeIgniter.php(366): CodeIgniter\CodeIgniter->handleRequest(null, Object(Config\Cache), false)
10 FCPATH\index.php(67): CodeIgniter\CodeIgniter->run()
11 SYSTEMPATH\Commands\Server\rewrite.php(47): require_once('C:\\Users\\Aceng\\Documents\\Belajar Website\\CI4\\ajax_crud\\public\\index.php')
ERROR - 2023-09-22 13:46:18 --> mysqli_sql_exception: Unknown column 'prodi' in 'field list' in C:\Users\Aceng\Documents\Belajar Website\CI4\ajax_crud\system\Database\MySQLi\Connection.php:295
Stack trace:
#0 C:\Users\Aceng\Documents\Belajar Website\CI4\ajax_crud\system\Database\MySQLi\Connection.php(295): mysqli->query('INSERT INTO `tb...', 0)
#1 C:\Users\Aceng\Documents\Belajar Website\CI4\ajax_crud\system\Database\BaseConnection.php(692): CodeIgniter\Database\MySQLi\Connection->execute('INSERT INTO `tb...')
#2 C:\Users\Aceng\Documents\Belajar Website\CI4\ajax_crud\system\Database\BaseConnection.php(606): CodeIgniter\Database\BaseConnection->simpleQuery('INSERT INTO `tb...')
#3 C:\Users\Aceng\Documents\Belajar Website\CI4\ajax_crud\system\Database\BaseBuilder.php(2309): CodeIgniter\Database\BaseConnection->query('INSERT INTO `tb...', Array, false)
#4 C:\Users\Aceng\Documents\Belajar Website\CI4\ajax_crud\app\Models\MahasiswaModel.php(30): CodeIgniter\Database\BaseBuilder->insert(Array)
#5 C:\Users\Aceng\Documents\Belajar Website\CI4\ajax_crud\app\Controllers\Mahasiswa.php(172): App\Models\MahasiswaModel->TambahDataMahasiswa(Array)
#6 C:\Users\Aceng\Documents\Belajar Website\CI4\ajax_crud\system\CodeIgniter.php(932): App\Controllers\Mahasiswa->TambahMahasiswa()
#7 C:\Users\Aceng\Documents\Belajar Website\CI4\ajax_crud\system\CodeIgniter.php(497): CodeIgniter\CodeIgniter->runController(Object(App\Controllers\Mahasiswa))
#8 C:\Users\Aceng\Documents\Belajar Website\CI4\ajax_crud\system\CodeIgniter.php(366): CodeIgniter\CodeIgniter->handleRequest(NULL, Object(Config\Cache), false)
#9 C:\Users\Aceng\Documents\Belajar Website\CI4\ajax_crud\public\index.php(67): CodeIgniter\CodeIgniter->run()
#10 C:\Users\Aceng\Documents\Belajar Website\CI4\ajax_crud\system\Commands\Server\rewrite.php(47): require_once('C:\\Users\\Aceng\\...')
#11 {main}
CRITICAL - 2023-09-22 13:46:18 --> Unknown column 'prodi' in 'field list'
in SYSTEMPATH\Database\MySQLi\Connection.php on line 295.
 1 SYSTEMPATH\Database\MySQLi\Connection.php(295): mysqli->query('INSERT INTO `tb_mhs` (`nama`, `nim`, `jen_kel`, `kelas`, `prodi`, `foto`) VALUES (\'a\', \'1\', \'L\', \'asda\', \'1\', \'default.jpg\')', 0)
 2 SYSTEMPATH\Database\BaseConnection.php(692): CodeIgniter\Database\MySQLi\Connection->execute('INSERT INTO `tb_mhs` (`nama`, `nim`, `jen_kel`, `kelas`, `prodi`, `foto`) VALUES (\'a\', \'1\', \'L\', \'asda\', \'1\', \'default.jpg\')')
 3 SYSTEMPATH\Database\BaseConnection.php(606): CodeIgniter\Database\BaseConnection->simpleQuery('INSERT INTO `tb_mhs` (`nama`, `nim`, `jen_kel`, `kelas`, `prodi`, `foto`) VALUES (\'a\', \'1\', \'L\', \'asda\', \'1\', \'default.jpg\')')
 4 SYSTEMPATH\Database\BaseBuilder.php(2309): CodeIgniter\Database\BaseConnection->query('INSERT INTO `tb_mhs` (`nama`, `nim`, `jen_kel`, `kelas`, `prodi`, `foto`) VALUES (:nama:, :nim:, :jen_kel:, :kelas:, :prodi:, :foto:)', [...], false)
 5 APPPATH\Models\MahasiswaModel.php(30): CodeIgniter\Database\BaseBuilder->insert([...])
 6 APPPATH\Controllers\Mahasiswa.php(172): App\Models\MahasiswaModel->TambahDataMahasiswa([...])
 7 SYSTEMPATH\CodeIgniter.php(932): App\Controllers\Mahasiswa->TambahMahasiswa()
 8 SYSTEMPATH\CodeIgniter.php(497): CodeIgniter\CodeIgniter->runController(Object(App\Controllers\Mahasiswa))
 9 SYSTEMPATH\CodeIgniter.php(366): CodeIgniter\CodeIgniter->handleRequest(null, Object(Config\Cache), false)
10 FCPATH\index.php(67): CodeIgniter\CodeIgniter->run()
11 SYSTEMPATH\Commands\Server\rewrite.php(47): require_once('C:\\Users\\Aceng\\Documents\\Belajar Website\\CI4\\ajax_crud\\public\\index.php')
ERROR - 2023-09-22 13:47:11 --> mysqli_sql_exception: Unknown column 'prodi' in 'field list' in C:\Users\Aceng\Documents\Belajar Website\CI4\ajax_crud\system\Database\MySQLi\Connection.php:295
Stack trace:
#0 C:\Users\Aceng\Documents\Belajar Website\CI4\ajax_crud\system\Database\MySQLi\Connection.php(295): mysqli->query('INSERT INTO `tb...', 0)
#1 C:\Users\Aceng\Documents\Belajar Website\CI4\ajax_crud\system\Database\BaseConnection.php(692): CodeIgniter\Database\MySQLi\Connection->execute('INSERT INTO `tb...')
#2 C:\Users\Aceng\Documents\Belajar Website\CI4\ajax_crud\system\Database\BaseConnection.php(606): CodeIgniter\Database\BaseConnection->simpleQuery('INSERT INTO `tb...')
#3 C:\Users\Aceng\Documents\Belajar Website\CI4\ajax_crud\system\Database\BaseBuilder.php(2309): CodeIgniter\Database\BaseConnection->query('INSERT INTO `tb...', Array, false)
#4 C:\Users\Aceng\Documents\Belajar Website\CI4\ajax_crud\app\Models\MahasiswaModel.php(30): CodeIgniter\Database\BaseBuilder->insert(Array)
#5 C:\Users\Aceng\Documents\Belajar Website\CI4\ajax_crud\app\Controllers\Mahasiswa.php(175): App\Models\MahasiswaModel->TambahDataMahasiswa(Array)
#6 C:\Users\Aceng\Documents\Belajar Website\CI4\ajax_crud\system\CodeIgniter.php(932): App\Controllers\Mahasiswa->TambahMahasiswa()
#7 C:\Users\Aceng\Documents\Belajar Website\CI4\ajax_crud\system\CodeIgniter.php(497): CodeIgniter\CodeIgniter->runController(Object(App\Controllers\Mahasiswa))
#8 C:\Users\Aceng\Documents\Belajar Website\CI4\ajax_crud\system\CodeIgniter.php(366): CodeIgniter\CodeIgniter->handleRequest(NULL, Object(Config\Cache), false)
#9 C:\Users\Aceng\Documents\Belajar Website\CI4\ajax_crud\public\index.php(67): CodeIgniter\CodeIgniter->run()
#10 C:\Users\Aceng\Documents\Belajar Website\CI4\ajax_crud\system\Commands\Server\rewrite.php(47): require_once('C:\\Users\\Aceng\\...')
#11 {main}
CRITICAL - 2023-09-22 13:47:11 --> Unknown column 'prodi' in 'field list'
in SYSTEMPATH\Database\MySQLi\Connection.php on line 295.
 1 SYSTEMPATH\Database\MySQLi\Connection.php(295): mysqli->query('INSERT INTO `tb_mhs` (`nama`, `nim`, `jen_kel`, `kelas`, `prodi`, `foto`) VALUES (\'a\', \'1\', \'L\', \'asda\', \'1\', \'default.jpg\')', 0)
 2 SYSTEMPATH\Database\BaseConnection.php(692): CodeIgniter\Database\MySQLi\Connection->execute('INSERT INTO `tb_mhs` (`nama`, `nim`, `jen_kel`, `kelas`, `prodi`, `foto`) VALUES (\'a\', \'1\', \'L\', \'asda\', \'1\', \'default.jpg\')')
 3 SYSTEMPATH\Database\BaseConnection.php(606): CodeIgniter\Database\BaseConnection->simpleQuery('INSERT INTO `tb_mhs` (`nama`, `nim`, `jen_kel`, `kelas`, `prodi`, `foto`) VALUES (\'a\', \'1\', \'L\', \'asda\', \'1\', \'default.jpg\')')
 4 SYSTEMPATH\Database\BaseBuilder.php(2309): CodeIgniter\Database\BaseConnection->query('INSERT INTO `tb_mhs` (`nama`, `nim`, `jen_kel`, `kelas`, `prodi`, `foto`) VALUES (:nama:, :nim:, :jen_kel:, :kelas:, :prodi:, :foto:)', [...], false)
 5 APPPATH\Models\MahasiswaModel.php(30): CodeIgniter\Database\BaseBuilder->insert([...])
 6 APPPATH\Controllers\Mahasiswa.php(175): App\Models\MahasiswaModel->TambahDataMahasiswa([...])
 7 SYSTEMPATH\CodeIgniter.php(932): App\Controllers\Mahasiswa->TambahMahasiswa()
 8 SYSTEMPATH\CodeIgniter.php(497): CodeIgniter\CodeIgniter->runController(Object(App\Controllers\Mahasiswa))
 9 SYSTEMPATH\CodeIgniter.php(366): CodeIgniter\CodeIgniter->handleRequest(null, Object(Config\Cache), false)
10 FCPATH\index.php(67): CodeIgniter\CodeIgniter->run()
11 SYSTEMPATH\Commands\Server\rewrite.php(47): require_once('C:\\Users\\Aceng\\Documents\\Belajar Website\\CI4\\ajax_crud\\public\\index.php')
ERROR - 2023-09-22 13:47:27 --> mysqli_sql_exception: Unknown column 'prodi' in 'field list' in C:\Users\Aceng\Documents\Belajar Website\CI4\ajax_crud\system\Database\MySQLi\Connection.php:295
Stack trace:
#0 C:\Users\Aceng\Documents\Belajar Website\CI4\ajax_crud\system\Database\MySQLi\Connection.php(295): mysqli->query('INSERT INTO `tb...', 0)
#1 C:\Users\Aceng\Documents\Belajar Website\CI4\ajax_crud\system\Database\BaseConnection.php(692): CodeIgniter\Database\MySQLi\Connection->execute('INSERT INTO `tb...')
#2 C:\Users\Aceng\Documents\Belajar Website\CI4\ajax_crud\system\Database\BaseConnection.php(606): CodeIgniter\Database\BaseConnection->simpleQuery('INSERT INTO `tb...')
#3 C:\Users\Aceng\Documents\Belajar Website\CI4\ajax_crud\system\Database\BaseBuilder.php(2309): CodeIgniter\Database\BaseConnection->query('INSERT INTO `tb...', Array, false)
#4 C:\Users\Aceng\Documents\Belajar Website\CI4\ajax_crud\app\Models\MahasiswaModel.php(30): CodeIgniter\Database\BaseBuilder->insert(Array)
#5 C:\Users\Aceng\Documents\Belajar Website\CI4\ajax_crud\app\Controllers\Mahasiswa.php(175): App\Models\MahasiswaModel->TambahDataMahasiswa(Array)
#6 C:\Users\Aceng\Documents\Belajar Website\CI4\ajax_crud\system\CodeIgniter.php(932): App\Controllers\Mahasiswa->TambahMahasiswa()
#7 C:\Users\Aceng\Documents\Belajar Website\CI4\ajax_crud\system\CodeIgniter.php(497): CodeIgniter\CodeIgniter->runController(Object(App\Controllers\Mahasiswa))
#8 C:\Users\Aceng\Documents\Belajar Website\CI4\ajax_crud\system\CodeIgniter.php(366): CodeIgniter\CodeIgniter->handleRequest(NULL, Object(Config\Cache), false)
#9 C:\Users\Aceng\Documents\Belajar Website\CI4\ajax_crud\public\index.php(67): CodeIgniter\CodeIgniter->run()
#10 C:\Users\Aceng\Documents\Belajar Website\CI4\ajax_crud\system\Commands\Server\rewrite.php(47): require_once('C:\\Users\\Aceng\\...')
#11 {main}
CRITICAL - 2023-09-22 13:47:27 --> Unknown column 'prodi' in 'field list'
in SYSTEMPATH\Database\MySQLi\Connection.php on line 295.
 1 SYSTEMPATH\Database\MySQLi\Connection.php(295): mysqli->query('INSERT INTO `tb_mhs` (`nama`, `nim`, `jen_kel`, `kelas`, `prodi`, `foto`) VALUES (\'a\', \'1\', \'L\', \'asda\', \'1\', \'default.jpg\')', 0)
 2 SYSTEMPATH\Database\BaseConnection.php(692): CodeIgniter\Database\MySQLi\Connection->execute('INSERT INTO `tb_mhs` (`nama`, `nim`, `jen_kel`, `kelas`, `prodi`, `foto`) VALUES (\'a\', \'1\', \'L\', \'asda\', \'1\', \'default.jpg\')')
 3 SYSTEMPATH\Database\BaseConnection.php(606): CodeIgniter\Database\BaseConnection->simpleQuery('INSERT INTO `tb_mhs` (`nama`, `nim`, `jen_kel`, `kelas`, `prodi`, `foto`) VALUES (\'a\', \'1\', \'L\', \'asda\', \'1\', \'default.jpg\')')
 4 SYSTEMPATH\Database\BaseBuilder.php(2309): CodeIgniter\Database\BaseConnection->query('INSERT INTO `tb_mhs` (`nama`, `nim`, `jen_kel`, `kelas`, `prodi`, `foto`) VALUES (:nama:, :nim:, :jen_kel:, :kelas:, :prodi:, :foto:)', [...], false)
 5 APPPATH\Models\MahasiswaModel.php(30): CodeIgniter\Database\BaseBuilder->insert([...])
 6 APPPATH\Controllers\Mahasiswa.php(175): App\Models\MahasiswaModel->TambahDataMahasiswa([...])
 7 SYSTEMPATH\CodeIgniter.php(932): App\Controllers\Mahasiswa->TambahMahasiswa()
 8 SYSTEMPATH\CodeIgniter.php(497): CodeIgniter\CodeIgniter->runController(Object(App\Controllers\Mahasiswa))
 9 SYSTEMPATH\CodeIgniter.php(366): CodeIgniter\CodeIgniter->handleRequest(null, Object(Config\Cache), false)
10 FCPATH\index.php(67): CodeIgniter\CodeIgniter->run()
11 SYSTEMPATH\Commands\Server\rewrite.php(47): require_once('C:\\Users\\Aceng\\Documents\\Belajar Website\\CI4\\ajax_crud\\public\\index.php')
ERROR - 2023-09-22 13:47:45 --> mysqli_sql_exception: Unknown column 'prodi' in 'field list' in C:\Users\Aceng\Documents\Belajar Website\CI4\ajax_crud\system\Database\MySQLi\Connection.php:295
Stack trace:
#0 C:\Users\Aceng\Documents\Belajar Website\CI4\ajax_crud\system\Database\MySQLi\Connection.php(295): mysqli->query('INSERT INTO `tb...', 0)
#1 C:\Users\Aceng\Documents\Belajar Website\CI4\ajax_crud\system\Database\BaseConnection.php(692): CodeIgniter\Database\MySQLi\Connection->execute('INSERT INTO `tb...')
#2 C:\Users\Aceng\Documents\Belajar Website\CI4\ajax_crud\system\Database\BaseConnection.php(606): CodeIgniter\Database\BaseConnection->simpleQuery('INSERT INTO `tb...')
#3 C:\Users\Aceng\Documents\Belajar Website\CI4\ajax_crud\system\Database\BaseBuilder.php(2309): CodeIgniter\Database\BaseConnection->query('INSERT INTO `tb...', Array, false)
#4 C:\Users\Aceng\Documents\Belajar Website\CI4\ajax_crud\app\Models\MahasiswaModel.php(30): CodeIgniter\Database\BaseBuilder->insert(Array)
#5 C:\Users\Aceng\Documents\Belajar Website\CI4\ajax_crud\app\Controllers\Mahasiswa.php(175): App\Models\MahasiswaModel->TambahDataMahasiswa(Array)
#6 C:\Users\Aceng\Documents\Belajar Website\CI4\ajax_crud\system\CodeIgniter.php(932): App\Controllers\Mahasiswa->TambahMahasiswa()
#7 C:\Users\Aceng\Documents\Belajar Website\CI4\ajax_crud\system\CodeIgniter.php(497): CodeIgniter\CodeIgniter->runController(Object(App\Controllers\Mahasiswa))
#8 C:\Users\Aceng\Documents\Belajar Website\CI4\ajax_crud\system\CodeIgniter.php(366): CodeIgniter\CodeIgniter->handleRequest(NULL, Object(Config\Cache), false)
#9 C:\Users\Aceng\Documents\Belajar Website\CI4\ajax_crud\public\index.php(67): CodeIgniter\CodeIgniter->run()
#10 C:\Users\Aceng\Documents\Belajar Website\CI4\ajax_crud\system\Commands\Server\rewrite.php(47): require_once('C:\\Users\\Aceng\\...')
#11 {main}
CRITICAL - 2023-09-22 13:47:45 --> Unknown column 'prodi' in 'field list'
in SYSTEMPATH\Database\MySQLi\Connection.php on line 295.
 1 SYSTEMPATH\Database\MySQLi\Connection.php(295): mysqli->query('INSERT INTO `tb_mhs` (`nama`, `nim`, `jen_kel`, `kelas`, `prodi`, `foto`) VALUES (\'asd\', \'123\', \'L\', \'123\', \'1\', \'default.jpg\')', 0)
 2 SYSTEMPATH\Database\BaseConnection.php(692): CodeIgniter\Database\MySQLi\Connection->execute('INSERT INTO `tb_mhs` (`nama`, `nim`, `jen_kel`, `kelas`, `prodi`, `foto`) VALUES (\'asd\', \'123\', \'L\', \'123\', \'1\', \'default.jpg\')')
 3 SYSTEMPATH\Database\BaseConnection.php(606): CodeIgniter\Database\BaseConnection->simpleQuery('INSERT INTO `tb_mhs` (`nama`, `nim`, `jen_kel`, `kelas`, `prodi`, `foto`) VALUES (\'asd\', \'123\', \'L\', \'123\', \'1\', \'default.jpg\')')
 4 SYSTEMPATH\Database\BaseBuilder.php(2309): CodeIgniter\Database\BaseConnection->query('INSERT INTO `tb_mhs` (`nama`, `nim`, `jen_kel`, `kelas`, `prodi`, `foto`) VALUES (:nama:, :nim:, :jen_kel:, :kelas:, :prodi:, :foto:)', [...], false)
 5 APPPATH\Models\MahasiswaModel.php(30): CodeIgniter\Database\BaseBuilder->insert([...])
 6 APPPATH\Controllers\Mahasiswa.php(175): App\Models\MahasiswaModel->TambahDataMahasiswa([...])
 7 SYSTEMPATH\CodeIgniter.php(932): App\Controllers\Mahasiswa->TambahMahasiswa()
 8 SYSTEMPATH\CodeIgniter.php(497): CodeIgniter\CodeIgniter->runController(Object(App\Controllers\Mahasiswa))
 9 SYSTEMPATH\CodeIgniter.php(366): CodeIgniter\CodeIgniter->handleRequest(null, Object(Config\Cache), false)
10 FCPATH\index.php(67): CodeIgniter\CodeIgniter->run()
11 SYSTEMPATH\Commands\Server\rewrite.php(47): require_once('C:\\Users\\Aceng\\Documents\\Belajar Website\\CI4\\ajax_crud\\public\\index.php')
ERROR - 2023-09-22 13:49:56 --> mysqli_sql_exception: Unknown column 'tb_mhs.prodi' in 'on clause' in C:\Users\Aceng\Documents\Belajar Website\CI4\ajax_crud\system\Database\MySQLi\Connection.php:295
Stack trace:
#0 C:\Users\Aceng\Documents\Belajar Website\CI4\ajax_crud\system\Database\MySQLi\Connection.php(295): mysqli->query('SELECT tb_mhs.*...', 0)
#1 C:\Users\Aceng\Documents\Belajar Website\CI4\ajax_crud\system\Database\BaseConnection.php(692): CodeIgniter\Database\MySQLi\Connection->execute('SELECT tb_mhs.*...')
#2 C:\Users\Aceng\Documents\Belajar Website\CI4\ajax_crud\system\Database\BaseConnection.php(606): CodeIgniter\Database\BaseConnection->simpleQuery('SELECT tb_mhs.*...')
#3 C:\Users\Aceng\Documents\Belajar Website\CI4\ajax_crud\app\Models\MahasiswaModel.php(23): CodeIgniter\Database\BaseConnection->query('SELECT tb_mhs.*...')
#4 C:\Users\Aceng\Documents\Belajar Website\CI4\ajax_crud\app\Controllers\Mahasiswa.php(37): App\Models\MahasiswaModel->getAll()
#5 C:\Users\Aceng\Documents\Belajar Website\CI4\ajax_crud\system\CodeIgniter.php(932): App\Controllers\Mahasiswa->getAll()
#6 C:\Users\Aceng\Documents\Belajar Website\CI4\ajax_crud\system\CodeIgniter.php(497): CodeIgniter\CodeIgniter->runController(Object(App\Controllers\Mahasiswa))
#7 C:\Users\Aceng\Documents\Belajar Website\CI4\ajax_crud\system\CodeIgniter.php(366): CodeIgniter\CodeIgniter->handleRequest(NULL, Object(Config\Cache), false)
#8 C:\Users\Aceng\Documents\Belajar Website\CI4\ajax_crud\public\index.php(67): CodeIgniter\CodeIgniter->run()
#9 C:\Users\Aceng\Documents\Belajar Website\CI4\ajax_crud\system\Commands\Server\rewrite.php(47): require_once('C:\\Users\\Aceng\\...')
#10 {main}
CRITICAL - 2023-09-22 13:49:56 --> Unknown column 'tb_mhs.prodi' in 'on clause'
in SYSTEMPATH\Database\MySQLi\Connection.php on line 295.
 1 SYSTEMPATH\Database\MySQLi\Connection.php(295): mysqli->query('SELECT tb_mhs.*, tb_prodi.prodi AS nama_prodi FROM tb_mhs LEFT JOIN tb_prodi ON tb_mhs.prodi = tb_prodi.id', 0)
 2 SYSTEMPATH\Database\BaseConnection.php(692): CodeIgniter\Database\MySQLi\Connection->execute('SELECT tb_mhs.*, tb_prodi.prodi AS nama_prodi FROM tb_mhs LEFT JOIN tb_prodi ON tb_mhs.prodi = tb_prodi.id')
 3 SYSTEMPATH\Database\BaseConnection.php(606): CodeIgniter\Database\BaseConnection->simpleQuery('SELECT tb_mhs.*, tb_prodi.prodi AS nama_prodi FROM tb_mhs LEFT JOIN tb_prodi ON tb_mhs.prodi = tb_prodi.id')
 4 APPPATH\Models\MahasiswaModel.php(23): CodeIgniter\Database\BaseConnection->query('SELECT tb_mhs.*, tb_prodi.prodi AS nama_prodi FROM tb_mhs LEFT JOIN tb_prodi ON tb_mhs.prodi = tb_prodi.id')
 5 APPPATH\Controllers\Mahasiswa.php(37): App\Models\MahasiswaModel->getAll()
 6 SYSTEMPATH\CodeIgniter.php(932): App\Controllers\Mahasiswa->getAll()
 7 SYSTEMPATH\CodeIgniter.php(497): CodeIgniter\CodeIgniter->runController(Object(App\Controllers\Mahasiswa))
 8 SYSTEMPATH\CodeIgniter.php(366): CodeIgniter\CodeIgniter->handleRequest(null, Object(Config\Cache), false)
 9 FCPATH\index.php(67): CodeIgniter\CodeIgniter->run()
10 SYSTEMPATH\Commands\Server\rewrite.php(47): require_once('C:\\Users\\Aceng\\Documents\\Belajar Website\\CI4\\ajax_crud\\public\\index.php')
